{"numFailedTestSuites":0,"numFailedTests":0,"numPassedTestSuites":1,"numPassedTests":2,"numPendingTestSuites":0,"numPendingTests":0,"numRuntimeErrorTestSuites":0,"numTotalTestSuites":1,"numTotalTests":2,"openHandles":[],"snapshot":{"added":0,"didUpdate":false,"failure":false,"filesAdded":0,"filesRemoved":0,"filesUnmatched":0,"filesUpdated":0,"matched":1,"total":1,"unchecked":0,"uncheckedKeysByFile":[],"unmatched":0,"updated":0},"startTime":1540246262077,"success":true,"testResults":[{"assertionResults":[{"ancestorTitles":["Link changes the class when hovered"],"failureMessages":[],"fullName":"Link changes the class when hovered should render correctly","location":null,"status":"passed","title":"should render correctly"},{"ancestorTitles":["Link changes the class when hovered"],"failureMessages":[],"fullName":"Link changes the class when hovered should set the state to class: STATUS:HOVER if onMouseEnter is called","location":null,"status":"passed","title":"should set the state to class: STATUS:HOVER if onMouseEnter is called"}],"endTime":1540246262955,"message":"","name":"/Users/kae/git/projects/private/boxWebpack/src/components/atoms/Clock/Clock.test.jsx","startTime":1540246262459,"status":"passed","summary":""}],"wasInterrupted":false}