{"numFailedTestSuites":1,"numFailedTests":1,"numPassedTestSuites":0,"numPassedTests":0,"numPendingTestSuites":0,"numPendingTests":0,"numRuntimeErrorTestSuites":0,"numTotalTestSuites":1,"numTotalTests":1,"openHandles":[],"snapshot":{"added":0,"didUpdate":false,"failure":true,"filesAdded":0,"filesRemoved":0,"filesUnmatched":1,"filesUpdated":0,"matched":0,"total":1,"unchecked":3,"uncheckedKeysByFile":[{"filePath":"/Users/kae/git/projects/private/boxWebpack/src/components/atoms/Clock/Clock.test.jsx","keys":["Link changes the class when hovered 1","Link changes the class when hovered 2","Link changes the class when hovered 3"]}],"unmatched":1,"updated":0},"startTime":1537365950019,"success":false,"testResults":[{"assertionResults":[{"ancestorTitles":["Link changes the class when hovered"],"failureMessages":["Error: \u001b[2mexpect(\u001b[22m\u001b[31mvalue\u001b[39m\u001b[2m).toMatchSnapshot(\u001b[22m\u001b[2m)\u001b[22m\n\n\u001b[31mReceived value\u001b[39m does not match \u001b[32mstored snapshot \"Link changes the class when hovered should render correctly 1\"\u001b[39m.\n\n\u001b[32m- Snapshot\u001b[39m\n\u001b[31m+ Received\u001b[39m\n\n\u001b[33m@@ -2,7 +2,7 @@\u001b[39m\n\u001b[2m    className=\"Clock normal\"\u001b[22m\n\u001b[2m    onMouseEnter={[Function]}\u001b[22m\n\u001b[2m    onMouseLeave={[Function]}\u001b[22m\n\u001b[2m  >\u001b[22m\n\u001b[2m    It is:\u001b[43m \u001b[49m\u001b[22m\n\u001b[32m-   4:05:29 PM\u001b[39m\n\u001b[31m+   4:05:50 PM\u001b[39m\n\u001b[2m  </p>\u001b[22m\n    at Object.toMatchSnapshot (/Users/kae/git/projects/private/boxWebpack/src/components/atoms/Clock/Clock.test.jsx:11:22)\n    at Object.asyncJestTest (/Users/kae/git/projects/private/boxWebpack/node_modules/jest-jasmine2/build/jasmine_async.js:108:37)\n    at resolve (/Users/kae/git/projects/private/boxWebpack/node_modules/jest-jasmine2/build/queue_runner.js:56:12)\n    at new Promise (<anonymous>)\n    at mapper (/Users/kae/git/projects/private/boxWebpack/node_modules/jest-jasmine2/build/queue_runner.js:43:19)\n    at promise.then (/Users/kae/git/projects/private/boxWebpack/node_modules/jest-jasmine2/build/queue_runner.js:87:41)\n    at process._tickCallback (internal/process/next_tick.js:68:7)"],"fullName":"Link changes the class when hovered should render correctly","location":null,"status":"failed","title":"should render correctly"}],"endTime":1537365950937,"message":"\u001b[1m\u001b[31m  \u001b[1m● \u001b[1mLink changes the class when hovered › should render correctly\u001b[39m\u001b[22m\n\n    \u001b[2mexpect(\u001b[22m\u001b[31mvalue\u001b[39m\u001b[2m).toMatchSnapshot(\u001b[22m\u001b[2m)\u001b[22m\n\n    \u001b[31mReceived value\u001b[39m does not match \u001b[32mstored snapshot \"Link changes the class when hovered should render correctly 1\"\u001b[39m.\n\n    \u001b[32m- Snapshot\u001b[39m\n    \u001b[31m+ Received\u001b[39m\n\n    \u001b[33m@@ -2,7 +2,7 @@\u001b[39m\n    \u001b[2m    className=\"Clock normal\"\u001b[22m\n    \u001b[2m    onMouseEnter={[Function]}\u001b[22m\n    \u001b[2m    onMouseLeave={[Function]}\u001b[22m\n    \u001b[2m  >\u001b[22m\n    \u001b[2m    It is:\u001b[43m \u001b[49m\u001b[22m\n    \u001b[32m-   4:05:29 PM\u001b[39m\n    \u001b[31m+   4:05:50 PM\u001b[39m\n    \u001b[2m  </p>\u001b[22m\n\u001b[2m\u001b[22m\n\u001b[2m    \u001b[0m \u001b[90m  9 | \u001b[39m        )\u001b[33m;\u001b[39m\u001b[0m\u001b[22m\n\u001b[2m    \u001b[0m \u001b[90m 10 | \u001b[39m        \u001b[36mconst\u001b[39m tree \u001b[33m=\u001b[39m component\u001b[33m.\u001b[39mtoJSON()\u001b[33m;\u001b[39m\u001b[0m\u001b[22m\n\u001b[2m    \u001b[0m\u001b[31m\u001b[1m>\u001b[2m\u001b[39m\u001b[90m 11 | \u001b[39m        expect(tree)\u001b[33m.\u001b[39mtoMatchSnapshot()\u001b[33m;\u001b[39m\u001b[0m\u001b[22m\n\u001b[2m    \u001b[0m \u001b[90m    | \u001b[39m                     \u001b[31m\u001b[1m^\u001b[2m\u001b[39m\u001b[0m\u001b[22m\n\u001b[2m    \u001b[0m \u001b[90m 12 | \u001b[39m    })\u001b[0m\u001b[22m\n\u001b[2m    \u001b[0m \u001b[90m 13 | \u001b[39m\u001b[90m/*\u001b[39m\u001b[0m\u001b[22m\n\u001b[2m    \u001b[0m \u001b[90m 14 | \u001b[39m\u001b[90m    // manually trigger the callback\u001b[39m\u001b[0m\u001b[22m\n\u001b[2m\u001b[22m\n\u001b[2m      \u001b[2mat Object.toMatchSnapshot (\u001b[2m\u001b[0m\u001b[36msrc/components/atoms/Clock/Clock.test.jsx\u001b[39m\u001b[0m\u001b[2m:11:22)\u001b[2m\u001b[22m\n","name":"/Users/kae/git/projects/private/boxWebpack/src/components/atoms/Clock/Clock.test.jsx","startTime":1537365950385,"status":"failed","summary":""}],"wasInterrupted":false}